[0m11:10:15.666273 [debug] [MainThread]: Sending event: {'category': 'dbt', 'action': 'invocation', 'label': 'start', 'context': [<snowplow_tracker.self_describing_json.SelfDescribingJson object at 0x000001A25BEC6DA0>, <snowplow_tracker.self_describing_json.SelfDescribingJson object at 0x000001A25DDB0A60>, <snowplow_tracker.self_describing_json.SelfDescribingJson object at 0x000001A25DDB0880>]}


============================== 11:10:15.670444 | 8774f633-423c-4114-b7e8-3ded71abe9a4 ==============================
[0m11:10:15.670444 [info ] [MainThread]: Running with dbt=1.5.0
[0m11:10:15.672278 [debug] [MainThread]: running dbt with arguments {'printer_width': '80', 'indirect_selection': 'eager', 'log_cache_events': 'False', 'write_json': 'True', 'partial_parse': 'True', 'cache_selected_only': 'False', 'profiles_dir': 'C:\\Users\\432569\\.dbt', 'version_check': 'True', 'warn_error': 'None', 'log_path': 'C:\\Users\\432569\\Documents\\Git\\kbc_dbt_test2\\kbc_dbt_test\\ah_test\\logs', 'debug': 'False', 'fail_fast': 'False', 'use_colors': 'True', 'use_experimental_parser': 'False', 'no_print': 'None', 'quiet': 'False', 'warn_error_options': 'WarnErrorOptions(include=[], exclude=[])', 'introspect': 'True', 'log_format': 'default', 'static_parser': 'True', 'target_path': 'None', 'send_anonymous_usage_stats': 'True'}
[0m11:10:15.673275 [info ] [MainThread]: dbt version: 1.5.0
[0m11:10:15.675274 [info ] [MainThread]: python version: 3.10.4
[0m11:10:15.677277 [info ] [MainThread]: python path: C:\Users\432569\AppData\Local\Programs\Python\Python310\python.exe
[0m11:10:15.678278 [info ] [MainThread]: os info: Windows-10-10.0.19045-SP0
[0m11:10:15.680274 [info ] [MainThread]: Using profiles.yml file at C:\Users\432569\.dbt\profiles.yml
[0m11:10:15.681422 [info ] [MainThread]: Using dbt_project.yml file at C:\Users\432569\Documents\Git\kbc_dbt_test2\kbc_dbt_test\ah_test\dbt_project.yml
[0m11:10:15.683279 [info ] [MainThread]: Configuration:
[0m11:10:16.038315 [info ] [MainThread]:   profiles.yml file [[32mOK found and valid[0m]
[0m11:10:16.066314 [info ] [MainThread]:   dbt_project.yml file [[32mOK found and valid[0m]
[0m11:10:16.067604 [info ] [MainThread]: Required dependencies:
[0m11:10:16.069277 [debug] [MainThread]: Executing "git --help"
[0m11:10:16.162276 [debug] [MainThread]: STDOUT: "b"usage: git [--version] [--help] [-C <path>] [-c <name>=<value>]\n           [--exec-path[=<path>]] [--html-path] [--man-path] [--info-path]\n           [-p | --paginate | -P | --no-pager] [--no-replace-objects] [--bare]\n           [--git-dir=<path>] [--work-tree=<path>] [--namespace=<name>]\n           <command> [<args>]\n\nThese are common Git commands used in various situations:\n\nstart a working area (see also: git help tutorial)\n   clone      Clone a repository into a new directory\n   init       Create an empty Git repository or reinitialize an existing one\n\nwork on the current change (see also: git help everyday)\n   add        Add file contents to the index\n   mv         Move or rename a file, a directory, or a symlink\n   reset      Reset current HEAD to the specified state\n   rm         Remove files from the working tree and from the index\n\nexamine the history and state (see also: git help revisions)\n   bisect     Use binary search to find the commit that introduced a bug\n   grep       Print lines matching a pattern\n   log        Show commit logs\n   show       Show various types of objects\n   status     Show the working tree status\n\ngrow, mark and tweak your common history\n   branch     List, create, or delete branches\n   checkout   Switch branches or restore working tree files\n   commit     Record changes to the repository\n   diff       Show changes between commits, commit and working tree, etc\n   merge      Join two or more development histories together\n   rebase     Reapply commits on top of another base tip\n   tag        Create, list, delete or verify a tag object signed with GPG\n\ncollaborate (see also: git help workflows)\n   fetch      Download objects and refs from another repository\n   pull       Fetch from and integrate with another repository or a local branch\n   push       Update remote refs along with associated objects\n\n'git help -a' and 'git help -g' list available subcommands and some\nconcept guides. See 'git help <command>' or 'git help <concept>'\nto read about a specific subcommand or concept.\n""
[0m11:10:16.164277 [debug] [MainThread]: STDERR: "b''"
[0m11:10:16.165275 [info ] [MainThread]:  - git [[32mOK found[0m]

[0m11:10:16.167276 [info ] [MainThread]: Connection:
[0m11:10:16.168276 [info ] [MainThread]:   account: slsp-kbc_azure_westeurope
[0m11:10:16.170277 [info ] [MainThread]:   user: KEBOOLA_WORKSPACE_5266
[0m11:10:16.171458 [info ] [MainThread]:   database: KEBOOLA_10
[0m11:10:16.173277 [info ] [MainThread]:   schema: WORKSPACE_5266
[0m11:10:16.175276 [info ] [MainThread]:   warehouse: KEBOOLA
[0m11:10:16.177277 [info ] [MainThread]:   role: KEBOOLA_WORKSPACE_5266
[0m11:10:16.179276 [info ] [MainThread]:   client_session_keep_alive: False
[0m11:10:16.180275 [info ] [MainThread]:   query_tag: None
[0m11:10:16.182277 [debug] [MainThread]: Acquiring new snowflake connection 'debug'
[0m11:10:16.183320 [debug] [MainThread]: Using snowflake connection "debug"
[0m11:10:16.184641 [debug] [MainThread]: On debug: select 1 as id
[0m11:10:16.185275 [debug] [MainThread]: Opening a new connection, currently in state init
[0m11:10:36.061781 [debug] [MainThread]: SQL status: SUCCESS 1 in 20.0 seconds
[0m11:10:36.067854 [debug] [MainThread]: On debug: Close
[0m11:10:36.281103 [info ] [MainThread]:   Connection test: [[32mOK connection ok[0m]

[0m11:10:36.284062 [info ] [MainThread]: [32mAll checks passed![0m
[0m11:10:36.288356 [debug] [MainThread]: Command `dbt debug` succeeded at 11:10:36.287358 after 20.69 seconds
[0m11:10:36.289363 [debug] [MainThread]: Connection 'debug' was properly closed.
[0m11:10:36.291357 [debug] [MainThread]: Sending event: {'category': 'dbt', 'action': 'invocation', 'label': 'end', 'context': [<snowplow_tracker.self_describing_json.SelfDescribingJson object at 0x000001A25BEC6DA0>, <snowplow_tracker.self_describing_json.SelfDescribingJson object at 0x000001A25E04DB40>, <snowplow_tracker.self_describing_json.SelfDescribingJson object at 0x000001A25E582830>]}
[0m11:10:36.292363 [debug] [MainThread]: Flushing usage events
